<?xml version="1.0" encoding="utf-8" standalone="no"?>
<test-results xmlns:xsi="http://www.w3.org/2001/XMLSchema-instance" xsi:noNamespaceSchemaLocation="nunit_schema_2.5.xsd" name="Pester" total="20" errors="0" failures="0" not-run="0" inconclusive="0" ignored="0" skipped="0" invalid="0" date="2025-11-03" time="10:45:15">
  <environment platform="Microsoft Windows 11 Business|C:\WINDOWS|\Device\Harddisk0\Partition3" clr-version="9.0.10" user="RégisLainé" machine-name="ITFABRIK-612" user-domain="AzureAD" os-version="10.0.26200" cwd="C:\Developpement\Scripting\Modules\ITfabrik.Stepper" nunit-version="2.5.8.0" />
  <culture-info current-culture="fr-FR" current-uiculture="fr-FR" />
  <test-suite type="TestFixture" name="Pester" executed="True" result="Success" success="True" time="3.8872" asserts="0" description="Pester">
    <results>
      <test-suite type="TestFixture" name="C:\Developpement\Scripting\Modules\ITfabrik.Stepper\Tests\Logging.Tests.ps1" executed="True" result="Success" success="True" time="1.842" asserts="0" description="C:\Developpement\Scripting\Modules\ITfabrik.Stepper\Tests\Logging.Tests.ps1">
        <results>
          <test-suite type="TestFixture" name="Logging" executed="True" result="Success" success="True" time="1.2215" asserts="0" description="Logging">
            <results>
              <test-case description="affiche un message avec Write-StepMessage" name="Logging.affiche un message avec Write-StepMessage" time="0.4532" asserts="0" success="True" result="Success" executed="True" />
              <test-case description="utilise Write-Log (fallback console)" name="Logging.utilise Write-Log (fallback console)" time="0.1257" asserts="0" success="True" result="Success" executed="True" />
              <test-case description="utilise un logger personnalisé si défini" name="Logging.utilise un logger personnalisé si défini" time="0.0686" asserts="0" success="True" result="Success" executed="True" />
              <test-case description="log lors de la création d'une étape" name="Logging.log lors de la création d'une étape" time="0.1292" asserts="0" success="True" result="Success" executed="True" />
              <test-case description="log une erreur via Set-Step" name="Logging.log une erreur via Set-Step" time="0.1241" asserts="0" success="True" result="Success" executed="True" />
            </results>
          </test-suite>
        </results>
      </test-suite>
      <test-suite type="TestFixture" name="C:\Developpement\Scripting\Modules\ITfabrik.Stepper\Tests\StepManager.Tests.ps1" executed="True" result="Success" success="True" time="2.0452" asserts="0" description="C:\Developpement\Scripting\Modules\ITfabrik.Stepper\Tests\StepManager.Tests.ps1">
        <results>
          <test-suite type="TestFixture" name="itfabrik.stepper" executed="True" result="Success" success="True" time="1.9572" asserts="0" description="itfabrik.stepper">
            <results>
              <test-case description="exports only Invoke-Step" name="itfabrik.stepper.exports only Invoke-Step" time="0.0765" asserts="0" success="True" result="Success" executed="True" />
              <test-case description="returns a step with all statuses" name="itfabrik.stepper.returns a step with all statuses" time="0.1982" asserts="0" success="True" result="Success" executed="True" />
              <test-case description="handles deep nesting (3+ levels)" name="itfabrik.stepper.handles deep nesting (3+ levels)" time="0.2231" asserts="0" success="True" result="Success" executed="True" />
              <test-case description="handles error in nested step with ContinueOnError" name="itfabrik.stepper.handles error in nested step with ContinueOnError" time="0.1797" asserts="0" success="True" result="Success" executed="True" />
              <test-case description="returns all steps in correct order (children then parent)" name="itfabrik.stepper.returns all steps in correct order (children then parent)" time="0.1551" asserts="0" success="True" result="Success" executed="True" />
              <test-case description="sets Detail property on error" name="itfabrik.stepper.sets Detail property on error" time="0.1279" asserts="0" success="True" result="Success" executed="True" />
              <test-case description="sets StartTime and EndTime" name="itfabrik.stepper.sets StartTime and EndTime" time="0.1184" asserts="0" success="True" result="Success" executed="True" />
              <test-case description="returns distinct Step objects in a foreach loop" name="itfabrik.stepper.returns distinct Step objects in a foreach loop" time="0.143" asserts="0" success="True" result="Success" executed="True" />
              <test-case description="throws on missing ScriptBlock" name="itfabrik.stepper.throws on missing ScriptBlock" time="0.0799" asserts="0" success="True" result="Success" executed="True" />
              <test-case description="throws on empty Name" name="itfabrik.stepper.throws on empty Name" time="0.0625" asserts="0" success="True" result="Success" executed="True" />
              <test-case description="returns a step for simple Invoke-Step" name="itfabrik.stepper.returns a step for simple Invoke-Step" time="0.0821" asserts="0" success="True" result="Success" executed="True" />
              <test-case description="nests via Invoke-Step and returns both steps" name="itfabrik.stepper.nests via Invoke-Step and returns both steps" time="0.1316" asserts="0" success="True" result="Success" executed="True" />
              <test-case description="propagates error status on failure with ContinueOnError" name="itfabrik.stepper.propagates error status on failure with ContinueOnError" time="0.1286" asserts="0" success="True" result="Success" executed="True" />
              <test-case description="Invoke-Step throws when ContinueOnError is false" name="itfabrik.stepper.Invoke-Step throws when ContinueOnError is false" time="0.121" asserts="0" success="True" result="Success" executed="True" />
              <test-case description="Invoke-Step does not throw when ContinueOnError is true" name="itfabrik.stepper.Invoke-Step does not throw when ContinueOnError is true" time="0.1223" asserts="0" success="True" result="Success" executed="True" />
            </results>
          </test-suite>
        </results>
      </test-suite>
    </results>
  </test-suite>
</test-results>